This file contains any messages produced by compilers while
running configure, to aid debugging if configure makes a mistake.

It was created by FULL-PACKAGE-NAME configure VERSION, which was
generated by GNU Autoconf 2.63.  Invocation command line was

  $ ./configure 

## --------- ##
## Platform. ##
## --------- ##

hostname = anatomia
uname -m = x86_64
uname -r = 2.6.32-gentoo-r1-adlerweb-bfs313
uname -s = Linux
uname -v = #6 SMP PREEMPT Sat Mar 20 11:49:48 CET 2010

/usr/bin/uname -p = Intel(R) Core(TM)2 Quad CPU @ 2.40GHz
/bin/uname -X     = unknown

/bin/arch              = unknown
/usr/bin/arch -k       = unknown
/usr/convex/getsysinfo = unknown
/usr/bin/hostinfo      = unknown
/bin/machine           = unknown
/usr/bin/oslevel       = unknown
/bin/universe          = unknown

PATH: /usr/local/bin
PATH: /usr/bin
PATH: /bin
PATH: /opt/bin
PATH: /usr/x86_64-pc-linux-gnu/avr/gcc-bin/4.4.3
PATH: /usr/x86_64-pc-linux-gnu/gcc-bin/4.3.4
PATH: /opt/blackdown-jdk-1.4.2.03/bin
PATH: /opt/blackdown-jdk-1.4.2.03/jre/bin
PATH: /usr/qt/3/bin
PATH: /usr/games/bin


## ----------- ##
## Core tests. ##
## ----------- ##

configure:1881: checking for a BSD-compatible install
configure:1949: result: /usr/bin/install -c
configure:1960: checking whether build environment is sane
configure:2003: result: yes
configure:2130: checking for a thread-safe mkdir -p
configure:2169: result: /bin/mkdir -p
configure:2182: checking for gawk
configure:2198: found /usr/bin/gawk
configure:2209: result: gawk
configure:2220: checking whether make sets $(MAKE)
configure:2242: result: yes
configure:2387: checking for g++
configure:2403: found /usr/bin/g++
configure:2414: result: g++
configure:2441: checking for C++ compiler version
configure:2449: g++ --version >&5
g++ (Gentoo 4.3.4 p1.0, pie-10.1.5) 4.3.4
Copyright (C) 2008 Free Software Foundation, Inc.
This is free software; see the source for copying conditions.  There is NO
warranty; not even for MERCHANTABILITY or FITNESS FOR A PARTICULAR PURPOSE.

configure:2453: $? = 0
configure:2460: g++ -v >&5
Using built-in specs.
Target: x86_64-pc-linux-gnu
Configured with: /var/tmp/portage/sys-devel/gcc-4.3.4/work/gcc-4.3.4/configure --prefix=/usr --bindir=/usr/x86_64-pc-linux-gnu/gcc-bin/4.3.4 --includedir=/usr/lib/gcc/x86_64-pc-linux-gnu/4.3.4/include --datadir=/usr/share/gcc-data/x86_64-pc-linux-gnu/4.3.4 --mandir=/usr/share/gcc-data/x86_64-pc-linux-gnu/4.3.4/man --infodir=/usr/share/gcc-data/x86_64-pc-linux-gnu/4.3.4/info --with-gxx-include-dir=/usr/lib/gcc/x86_64-pc-linux-gnu/4.3.4/include/g++-v4 --host=x86_64-pc-linux-gnu --build=x86_64-pc-linux-gnu --disable-altivec --disable-fixed-point --enable-nls --without-included-gettext --with-system-zlib --disable-checking --disable-werror --enable-secureplt --enable-multilib --enable-libmudflap --disable-libssp --enable-libgomp --disable-libgcj --enable-languages=c,c++,treelang,fortran --enable-shared --enable-threads=posix --enable-__cxa_atexit --enable-clocale=gnu --with-bugurl=http://bugs.gentoo.org/ --with-pkgversion='Gentoo 4.3.4 p1.0, pie-10.1.5'
Thread model: posix
gcc version 4.3.4 (Gentoo 4.3.4 p1.0, pie-10.1.5) 
configure:2464: $? = 0
configure:2471: g++ -V >&5
g++: '-V' option must have argument
configure:2475: $? = 1
configure:2498: checking for C++ compiler default output file name
configure:2520: g++    conftest.cpp  >&5
configure:2524: $? = 0
configure:2562: result: a.out
configure:2581: checking whether the C++ compiler works
configure:2591: ./a.out
configure:2595: $? = 0
configure:2614: result: yes
configure:2621: checking whether we are cross compiling
configure:2623: result: no
configure:2626: checking for suffix of executables
configure:2633: g++ -o conftest    conftest.cpp  >&5
configure:2637: $? = 0
configure:2663: result: 
configure:2669: checking for suffix of object files
configure:2695: g++ -c   conftest.cpp >&5
configure:2699: $? = 0
configure:2724: result: o
configure:2728: checking whether we are using the GNU C++ compiler
configure:2757: g++ -c   conftest.cpp >&5
configure:2764: $? = 0
configure:2781: result: yes
configure:2790: checking whether g++ accepts -g
configure:2820: g++ -c -g  conftest.cpp >&5
configure:2827: $? = 0
configure:2928: result: yes
configure:2962: checking for style of include used by make
configure:2990: result: GNU
configure:3015: checking dependency style of g++
configure:3125: result: gcc3
configure:3191: checking for gcc
configure:3207: found /usr/bin/gcc
configure:3218: result: gcc
configure:3450: checking for C compiler version
configure:3458: gcc --version >&5
gcc (Gentoo 4.3.4 p1.0, pie-10.1.5) 4.3.4
Copyright (C) 2008 Free Software Foundation, Inc.
This is free software; see the source for copying conditions.  There is NO
warranty; not even for MERCHANTABILITY or FITNESS FOR A PARTICULAR PURPOSE.

configure:3462: $? = 0
configure:3469: gcc -v >&5
Using built-in specs.
Target: x86_64-pc-linux-gnu
Configured with: /var/tmp/portage/sys-devel/gcc-4.3.4/work/gcc-4.3.4/configure --prefix=/usr --bindir=/usr/x86_64-pc-linux-gnu/gcc-bin/4.3.4 --includedir=/usr/lib/gcc/x86_64-pc-linux-gnu/4.3.4/include --datadir=/usr/share/gcc-data/x86_64-pc-linux-gnu/4.3.4 --mandir=/usr/share/gcc-data/x86_64-pc-linux-gnu/4.3.4/man --infodir=/usr/share/gcc-data/x86_64-pc-linux-gnu/4.3.4/info --with-gxx-include-dir=/usr/lib/gcc/x86_64-pc-linux-gnu/4.3.4/include/g++-v4 --host=x86_64-pc-linux-gnu --build=x86_64-pc-linux-gnu --disable-altivec --disable-fixed-point --enable-nls --without-included-gettext --with-system-zlib --disable-checking --disable-werror --enable-secureplt --enable-multilib --enable-libmudflap --disable-libssp --enable-libgomp --disable-libgcj --enable-languages=c,c++,treelang,fortran --enable-shared --enable-threads=posix --enable-__cxa_atexit --enable-clocale=gnu --with-bugurl=http://bugs.gentoo.org/ --with-pkgversion='Gentoo 4.3.4 p1.0, pie-10.1.5'
Thread model: posix
gcc version 4.3.4 (Gentoo 4.3.4 p1.0, pie-10.1.5) 
configure:3473: $? = 0
configure:3480: gcc -V >&5
gcc: '-V' option must have argument
configure:3484: $? = 1
configure:3487: checking whether we are using the GNU C compiler
configure:3516: gcc -c   conftest.c >&5
configure:3523: $? = 0
configure:3540: result: yes
configure:3549: checking whether gcc accepts -g
configure:3579: gcc -c -g  conftest.c >&5
configure:3586: $? = 0
configure:3687: result: yes
configure:3704: checking for gcc option to accept ISO C89
configure:3778: gcc  -c -g -O2  conftest.c >&5
configure:3785: $? = 0
configure:3808: result: none needed
configure:3828: checking dependency style of gcc
configure:3938: result: gcc3
configure:3955: checking for main in -lboost_program_options
configure:3984: gcc -o conftest -g -O2   conftest.c -lboost_program_options   >&5
configure:3991: $? = 0
configure:4012: result: yes
configure:4025: checking for main in -lboost_regex
configure:4054: gcc -o conftest -g -O2   conftest.c -lboost_regex  -lboost_program_options  >&5
configure:4061: $? = 0
configure:4082: result: yes
configure:4095: checking for main in -lboost_signals
configure:4124: gcc -o conftest -g -O2   conftest.c -lboost_signals  -lboost_regex -lboost_program_options  >&5
configure:4131: $? = 0
configure:4152: result: yes
configure:4165: checking for main in -lboost_system
configure:4194: gcc -o conftest -g -O2   conftest.c -lboost_system  -lboost_signals -lboost_regex -lboost_program_options  >&5
configure:4201: $? = 0
configure:4222: result: yes
configure:4235: checking for main in -lboost_thread
configure:4264: gcc -o conftest -g -O2   conftest.c -lboost_thread  -lboost_system -lboost_signals -lboost_regex -lboost_program_options  >&5
configure:4271: $? = 0
configure:4292: result: yes
configure:4307: checking for an ANSI C-conforming const
configure:4382: gcc -c -g -O2  conftest.c >&5
configure:4389: $? = 0
configure:4404: result: yes
configure:4419: checking how to run the C preprocessor
configure:4459: gcc -E  conftest.c
configure:4466: $? = 0
configure:4497: gcc -E  conftest.c
conftest.c:15:28: error: ac_nonexistent.h: No such file or directory
configure:4504: $? = 1
configure: failed program was:
| /* confdefs.h.  */
| #define PACKAGE_NAME "FULL-PACKAGE-NAME"
| #define PACKAGE_TARNAME "full-package-name"
| #define PACKAGE_VERSION "VERSION"
| #define PACKAGE_STRING "FULL-PACKAGE-NAME VERSION"
| #define PACKAGE_BUGREPORT "BUG-REPORT-ADDRESS"
| #define PACKAGE "full-package-name"
| #define VERSION "VERSION"
| #define HAVE_LIBBOOST_PROGRAM_OPTIONS 1
| #define HAVE_LIBBOOST_REGEX 1
| #define HAVE_LIBBOOST_SIGNALS 1
| #define HAVE_LIBBOOST_SYSTEM 1
| #define HAVE_LIBBOOST_THREAD 1
| /* end confdefs.h.  */
| #include <ac_nonexistent.h>
configure:4537: result: gcc -E
configure:4566: gcc -E  conftest.c
configure:4573: $? = 0
configure:4604: gcc -E  conftest.c
conftest.c:15:28: error: ac_nonexistent.h: No such file or directory
configure:4611: $? = 1
configure: failed program was:
| /* confdefs.h.  */
| #define PACKAGE_NAME "FULL-PACKAGE-NAME"
| #define PACKAGE_TARNAME "full-package-name"
| #define PACKAGE_VERSION "VERSION"
| #define PACKAGE_STRING "FULL-PACKAGE-NAME VERSION"
| #define PACKAGE_BUGREPORT "BUG-REPORT-ADDRESS"
| #define PACKAGE "full-package-name"
| #define VERSION "VERSION"
| #define HAVE_LIBBOOST_PROGRAM_OPTIONS 1
| #define HAVE_LIBBOOST_REGEX 1
| #define HAVE_LIBBOOST_SIGNALS 1
| #define HAVE_LIBBOOST_SYSTEM 1
| #define HAVE_LIBBOOST_THREAD 1
| /* end confdefs.h.  */
| #include <ac_nonexistent.h>
configure:4651: checking for grep that handles long lines and -e
configure:4711: result: /bin/grep
configure:4716: checking for egrep
configure:4780: result: /bin/grep -E
configure:4785: checking for ANSI C header files
configure:4815: gcc -c -g -O2  conftest.c >&5
configure:4822: $? = 0
configure:4921: gcc -o conftest -g -O2   conftest.c -lboost_thread -lboost_system -lboost_signals -lboost_regex -lboost_program_options  >&5
configure:4925: $? = 0
configure:4931: ./conftest
configure:4935: $? = 0
configure:4953: result: yes
configure:4977: checking for sys/types.h
configure:4998: gcc -c -g -O2  conftest.c >&5
configure:5005: $? = 0
configure:5022: result: yes
configure:4977: checking for sys/stat.h
configure:4998: gcc -c -g -O2  conftest.c >&5
configure:5005: $? = 0
configure:5022: result: yes
configure:4977: checking for stdlib.h
configure:4998: gcc -c -g -O2  conftest.c >&5
configure:5005: $? = 0
configure:5022: result: yes
configure:4977: checking for string.h
configure:4998: gcc -c -g -O2  conftest.c >&5
configure:5005: $? = 0
configure:5022: result: yes
configure:4977: checking for memory.h
configure:4998: gcc -c -g -O2  conftest.c >&5
configure:5005: $? = 0
configure:5022: result: yes
configure:4977: checking for strings.h
configure:4998: gcc -c -g -O2  conftest.c >&5
configure:5005: $? = 0
configure:5022: result: yes
configure:4977: checking for inttypes.h
configure:4998: gcc -c -g -O2  conftest.c >&5
configure:5005: $? = 0
configure:5022: result: yes
configure:4977: checking for stdint.h
configure:4998: gcc -c -g -O2  conftest.c >&5
configure:5005: $? = 0
configure:5022: result: yes
configure:4977: checking for unistd.h
configure:4998: gcc -c -g -O2  conftest.c >&5
configure:5005: $? = 0
configure:5022: result: yes
configure:5036: checking for size_t
configure:5064: gcc -c -g -O2  conftest.c >&5
configure:5071: $? = 0
configure:5098: gcc -c -g -O2  conftest.c >&5
conftest.c: In function 'main':
conftest.c:61: error: expected expression before ')' token
configure:5105: $? = 1
configure: failed program was:
| /* confdefs.h.  */
| #define PACKAGE_NAME "FULL-PACKAGE-NAME"
| #define PACKAGE_TARNAME "full-package-name"
| #define PACKAGE_VERSION "VERSION"
| #define PACKAGE_STRING "FULL-PACKAGE-NAME VERSION"
| #define PACKAGE_BUGREPORT "BUG-REPORT-ADDRESS"
| #define PACKAGE "full-package-name"
| #define VERSION "VERSION"
| #define HAVE_LIBBOOST_PROGRAM_OPTIONS 1
| #define HAVE_LIBBOOST_REGEX 1
| #define HAVE_LIBBOOST_SIGNALS 1
| #define HAVE_LIBBOOST_SYSTEM 1
| #define HAVE_LIBBOOST_THREAD 1
| #define STDC_HEADERS 1
| #define HAVE_SYS_TYPES_H 1
| #define HAVE_SYS_STAT_H 1
| #define HAVE_STDLIB_H 1
| #define HAVE_STRING_H 1
| #define HAVE_MEMORY_H 1
| #define HAVE_STRINGS_H 1
| #define HAVE_INTTYPES_H 1
| #define HAVE_STDINT_H 1
| #define HAVE_UNISTD_H 1
| /* end confdefs.h.  */
| #include <stdio.h>
| #ifdef HAVE_SYS_TYPES_H
| # include <sys/types.h>
| #endif
| #ifdef HAVE_SYS_STAT_H
| # include <sys/stat.h>
| #endif
| #ifdef STDC_HEADERS
| # include <stdlib.h>
| # include <stddef.h>
| #else
| # ifdef HAVE_STDLIB_H
| #  include <stdlib.h>
| # endif
| #endif
| #ifdef HAVE_STRING_H
| # if !defined STDC_HEADERS && defined HAVE_MEMORY_H
| #  include <memory.h>
| # endif
| # include <string.h>
| #endif
| #ifdef HAVE_STRINGS_H
| # include <strings.h>
| #endif
| #ifdef HAVE_INTTYPES_H
| # include <inttypes.h>
| #endif
| #ifdef HAVE_STDINT_H
| # include <stdint.h>
| #endif
| #ifdef HAVE_UNISTD_H
| # include <unistd.h>
| #endif
| int
| main ()
| {
| if (sizeof ((size_t)))
| 	  return 0;
|   ;
|   return 0;
| }
configure:5128: result: yes
configure:5146: checking for socket
configure:5202: gcc -o conftest -g -O2   conftest.c -lboost_thread -lboost_system -lboost_signals -lboost_regex -lboost_program_options  >&5
configure:5209: $? = 0
configure:5231: result: yes
configure:5369: creating ./config.status

## ---------------------- ##
## Running config.status. ##
## ---------------------- ##

This file was extended by FULL-PACKAGE-NAME config.status VERSION, which was
generated by GNU Autoconf 2.63.  Invocation command line was

  CONFIG_FILES    = 
  CONFIG_HEADERS  = 
  CONFIG_LINKS    = 
  CONFIG_COMMANDS = 
  $ ./config.status 

on anatomia

config.status:781: creating Makefile
config.status:781: creating config.h
config.status:1003: config.h is unchanged
config.status:1055: executing depfiles commands

## ---------------- ##
## Cache variables. ##
## ---------------- ##

ac_cv_c_compiler_gnu=yes
ac_cv_c_const=yes
ac_cv_cxx_compiler_gnu=yes
ac_cv_env_CCC_set=
ac_cv_env_CCC_value=
ac_cv_env_CC_set=
ac_cv_env_CC_value=
ac_cv_env_CFLAGS_set=
ac_cv_env_CFLAGS_value=
ac_cv_env_CPPFLAGS_set=
ac_cv_env_CPPFLAGS_value=
ac_cv_env_CPP_set=
ac_cv_env_CPP_value=
ac_cv_env_CXXFLAGS_set=
ac_cv_env_CXXFLAGS_value=
ac_cv_env_CXX_set=
ac_cv_env_CXX_value=
ac_cv_env_LDFLAGS_set=
ac_cv_env_LDFLAGS_value=
ac_cv_env_LIBS_set=
ac_cv_env_LIBS_value=
ac_cv_env_build_alias_set=
ac_cv_env_build_alias_value=
ac_cv_env_host_alias_set=
ac_cv_env_host_alias_value=
ac_cv_env_target_alias_set=
ac_cv_env_target_alias_value=
ac_cv_func_socket=yes
ac_cv_header_inttypes_h=yes
ac_cv_header_memory_h=yes
ac_cv_header_stdc=yes
ac_cv_header_stdint_h=yes
ac_cv_header_stdlib_h=yes
ac_cv_header_string_h=yes
ac_cv_header_strings_h=yes
ac_cv_header_sys_stat_h=yes
ac_cv_header_sys_types_h=yes
ac_cv_header_unistd_h=yes
ac_cv_lib_boost_program_options_main=yes
ac_cv_lib_boost_regex_main=yes
ac_cv_lib_boost_signals_main=yes
ac_cv_lib_boost_system_main=yes
ac_cv_lib_boost_thread_main=yes
ac_cv_objext=o
ac_cv_path_EGREP='/bin/grep -E'
ac_cv_path_GREP=/bin/grep
ac_cv_path_install='/usr/bin/install -c'
ac_cv_path_mkdir=/bin/mkdir
ac_cv_prog_AWK=gawk
ac_cv_prog_CPP='gcc -E'
ac_cv_prog_ac_ct_CC=gcc
ac_cv_prog_ac_ct_CXX=g++
ac_cv_prog_cc_c89=
ac_cv_prog_cc_g=yes
ac_cv_prog_cxx_g=yes
ac_cv_prog_make_make_set=yes
ac_cv_type_size_t=yes
am_cv_CC_dependencies_compiler_type=gcc3
am_cv_CXX_dependencies_compiler_type=gcc3

## ----------------- ##
## Output variables. ##
## ----------------- ##

ACLOCAL='${SHELL} /home/adlerweb/Desktop/avr/isys/svn.isysbus.org/software/isbd2/trunk/src/missing --run aclocal-1.10'
AMDEPBACKSLASH='\'
AMDEP_FALSE='#'
AMDEP_TRUE=''
AMTAR='${SHELL} /home/adlerweb/Desktop/avr/isys/svn.isysbus.org/software/isbd2/trunk/src/missing --run tar'
AUTOCONF='${SHELL} /home/adlerweb/Desktop/avr/isys/svn.isysbus.org/software/isbd2/trunk/src/missing --run autoconf'
AUTOHEADER='${SHELL} /home/adlerweb/Desktop/avr/isys/svn.isysbus.org/software/isbd2/trunk/src/missing --run autoheader'
AUTOMAKE='${SHELL} /home/adlerweb/Desktop/avr/isys/svn.isysbus.org/software/isbd2/trunk/src/missing --run automake-1.10'
AWK='gawk'
CC='gcc'
CCDEPMODE='depmode=gcc3'
CFLAGS='-g -O2'
CPP='gcc -E'
CPPFLAGS=''
CXX='g++'
CXXDEPMODE='depmode=gcc3'
CXXFLAGS='-g -O2'
CYGPATH_W='echo'
DEFS='-DHAVE_CONFIG_H'
DEPDIR='.deps'
ECHO_C=''
ECHO_N='-n'
ECHO_T=''
EGREP='/bin/grep -E'
EXEEXT=''
GREP='/bin/grep'
INSTALL_DATA='${INSTALL} -m 644'
INSTALL_PROGRAM='${INSTALL}'
INSTALL_SCRIPT='${INSTALL}'
INSTALL_STRIP_PROGRAM='$(install_sh) -c -s'
LDFLAGS=''
LIBOBJS=''
LIBS='-lboost_thread -lboost_system -lboost_signals -lboost_regex -lboost_program_options '
LTLIBOBJS=''
MAKEINFO='${SHELL} /home/adlerweb/Desktop/avr/isys/svn.isysbus.org/software/isbd2/trunk/src/missing --run makeinfo'
MKDIR_P='/bin/mkdir -p'
OBJEXT='o'
PACKAGE='full-package-name'
PACKAGE_BUGREPORT='BUG-REPORT-ADDRESS'
PACKAGE_NAME='FULL-PACKAGE-NAME'
PACKAGE_STRING='FULL-PACKAGE-NAME VERSION'
PACKAGE_TARNAME='full-package-name'
PACKAGE_VERSION='VERSION'
PATH_SEPARATOR=':'
SET_MAKE=''
SHELL='/bin/sh'
STRIP=''
VERSION='VERSION'
ac_ct_CC='gcc'
ac_ct_CXX='g++'
am__fastdepCC_FALSE='#'
am__fastdepCC_TRUE=''
am__fastdepCXX_FALSE='#'
am__fastdepCXX_TRUE=''
am__include='include'
am__isrc=''
am__leading_dot='.'
am__quote=''
am__tar='${AMTAR} chof - "$$tardir"'
am__untar='${AMTAR} xf -'
bindir='${exec_prefix}/bin'
build_alias=''
datadir='${datarootdir}'
datarootdir='${prefix}/share'
docdir='${datarootdir}/doc/${PACKAGE_TARNAME}'
dvidir='${docdir}'
exec_prefix='${prefix}'
host_alias=''
htmldir='${docdir}'
includedir='${prefix}/include'
infodir='${datarootdir}/info'
install_sh='$(SHELL) /home/adlerweb/Desktop/avr/isys/svn.isysbus.org/software/isbd2/trunk/src/install-sh'
libdir='${exec_prefix}/lib'
libexecdir='${exec_prefix}/libexec'
localedir='${datarootdir}/locale'
localstatedir='${prefix}/var'
mandir='${datarootdir}/man'
mkdir_p='/bin/mkdir -p'
oldincludedir='/usr/include'
pdfdir='${docdir}'
prefix='/usr/local'
program_transform_name='s,x,x,'
psdir='${docdir}'
sbindir='${exec_prefix}/sbin'
sharedstatedir='${prefix}/com'
sysconfdir='${prefix}/etc'
target_alias=''

## ----------- ##
## confdefs.h. ##
## ----------- ##

#define PACKAGE_NAME "FULL-PACKAGE-NAME"
#define PACKAGE_TARNAME "full-package-name"
#define PACKAGE_VERSION "VERSION"
#define PACKAGE_STRING "FULL-PACKAGE-NAME VERSION"
#define PACKAGE_BUGREPORT "BUG-REPORT-ADDRESS"
#define PACKAGE "full-package-name"
#define VERSION "VERSION"
#define HAVE_LIBBOOST_PROGRAM_OPTIONS 1
#define HAVE_LIBBOOST_REGEX 1
#define HAVE_LIBBOOST_SIGNALS 1
#define HAVE_LIBBOOST_SYSTEM 1
#define HAVE_LIBBOOST_THREAD 1
#define STDC_HEADERS 1
#define HAVE_SYS_TYPES_H 1
#define HAVE_SYS_STAT_H 1
#define HAVE_STDLIB_H 1
#define HAVE_STRING_H 1
#define HAVE_MEMORY_H 1
#define HAVE_STRINGS_H 1
#define HAVE_INTTYPES_H 1
#define HAVE_STDINT_H 1
#define HAVE_UNISTD_H 1
#define HAVE_SOCKET 1

configure: exit 0
